<?xml version="1.0" encoding="UTF-8"?>
<testng-results ignored="0" total="1" passed="1" failed="0" skipped="0">
  <reporter-output>
  </reporter-output>
  <suite started-at="2018-12-25T17:16:23Z" name="Default suite" finished-at="2018-12-25T17:16:31Z" duration-ms="7862">
    <groups>
    </groups>
    <test started-at="2018-12-25T17:16:23Z" name="Default test" finished-at="2018-12-25T17:16:31Z" duration-ms="7862">
      <class name="net.phptravels.auth.LoginTestViaURL">
        <test-method signature="TestLogin()[pri:0, instance:net.phptravels.auth.LoginTestViaURL@7770f470]" started-at="2018-12-25T17:16:23Z" name="TestLogin" finished-at="2018-12-25T17:16:31Z" duration-ms="7091" status="PASS">
          <reporter-output>
          </reporter-output>
        </test-method> <!-- TestLogin -->
        <test-method is-config="true" signature="tearDown()[pri:0, instance:net.phptravels.auth.LoginTestViaURL@7770f470]" started-at="2018-12-25T17:16:31Z" name="tearDown" finished-at="2018-12-25T17:16:31Z" duration-ms="734" status="PASS">
          <reporter-output>
          </reporter-output>
        </test-method> <!-- tearDown -->
      </class> <!-- net.phptravels.auth.LoginTestViaURL -->
    </test> <!-- Default test -->
  </suite> <!-- Default suite -->
</testng-results>
